{
  "stats": {
    "suites": 4,
    "tests": 8,
    "passes": 8,
    "pending": 0,
    "failures": 0,
    "start": "2023-06-17T06:20:03.106Z",
    "end": "2023-06-17T06:24:01.460Z",
    "duration": 238354,
    "testsRegistered": 8,
    "passPercent": 100,
    "pendingPercent": 0,
    "other": 0,
    "hasOther": false,
    "skipped": 0,
    "hasSkipped": false
  },
  "results": [
    {
      "uuid": "ad356a14-3a73-4f64-a3a3-5de7452b8663",
      "title": "",
      "fullFile": "cypress\\e2e\\AutomationExer.cy.js",
      "file": "cypress\\e2e\\AutomationExer.cy.js",
      "beforeHooks": [],
      "afterHooks": [],
      "tests": [],
      "suites": [
        {
          "uuid": "cc21d8de-a24a-4dde-8ee3-010e775437b6",
          "title": "Register the Account",
          "fullFile": "",
          "file": "",
          "beforeHooks": [],
          "afterHooks": [],
          "tests": [
            {
              "title": "Register the New Account ",
              "fullTitle": "Register the Account Register the New Account ",
              "timedOut": null,
              "duration": 57758,
              "state": "passed",
              "speed": "slow",
              "pass": true,
              "fail": false,
              "pending": false,
              "context": "{\n  \"title\": \"cypress-mochawesome-reporter-videos-passed\",\n  \"value\": \"cypress\\\\e2e\\\\AutomationExer.cy.js\"\n}",
              "code": "RegisterPage.VisitUrl();\nRegisterPage.registerAccount();",
              "err": {},
              "uuid": "915cf8c8-2cea-4826-8f01-f5ca87b32753",
              "parentUUID": "cc21d8de-a24a-4dde-8ee3-010e775437b6",
              "isHook": false,
              "skipped": false
            },
            {
              "title": "Register With Exiting Email ",
              "fullTitle": "Register the Account Register With Exiting Email ",
              "timedOut": null,
              "duration": 9777,
              "state": "passed",
              "speed": "medium",
              "pass": true,
              "fail": false,
              "pending": false,
              "context": "{\n  \"title\": \"cypress-mochawesome-reporter-videos-passed\",\n  \"value\": \"cypress\\\\e2e\\\\AutomationExer.cy.js\"\n}",
              "code": "RegisterPage.VisitUrl();\nRegisterPage.regsiterWithExistingEmail();",
              "err": {},
              "uuid": "4e49a67e-f7e8-49b6-867c-155abe31dce6",
              "parentUUID": "cc21d8de-a24a-4dde-8ee3-010e775437b6",
              "isHook": false,
              "skipped": false
            }
          ],
          "suites": [],
          "passes": [
            "915cf8c8-2cea-4826-8f01-f5ca87b32753",
            "4e49a67e-f7e8-49b6-867c-155abe31dce6"
          ],
          "failures": [],
          "pending": [],
          "skipped": [],
          "duration": 67535,
          "root": false,
          "rootEmpty": false,
          "_timeout": 2000
        },
        {
          "uuid": "c24dc88c-3df7-4be0-aa34-5799ca415e26",
          "title": "Login with valid credential",
          "fullFile": "",
          "file": "",
          "beforeHooks": [],
          "afterHooks": [],
          "tests": [
            {
              "title": "Login the System ",
              "fullTitle": "Login with valid credential Login the System ",
              "timedOut": null,
              "duration": 27726,
              "state": "passed",
              "speed": "slow",
              "pass": true,
              "fail": false,
              "pending": false,
              "context": "{\n  \"title\": \"cypress-mochawesome-reporter-videos-passed\",\n  \"value\": \"cypress\\\\e2e\\\\AutomationExer.cy.js\"\n}",
              "code": "RegisterPage.VisitUrl();\nLoginPage.LoginToSysyem();",
              "err": {},
              "uuid": "7d495bba-0785-4e47-b4e8-58d047b81080",
              "parentUUID": "c24dc88c-3df7-4be0-aa34-5799ca415e26",
              "isHook": false,
              "skipped": false
            },
            {
              "title": "Login with Invalid Credential ",
              "fullTitle": "Login with valid credential Login with Invalid Credential ",
              "timedOut": null,
              "duration": 19850,
              "state": "passed",
              "speed": "slow",
              "pass": true,
              "fail": false,
              "pending": false,
              "context": "{\n  \"title\": \"cypress-mochawesome-reporter-videos-passed\",\n  \"value\": \"cypress\\\\e2e\\\\AutomationExer.cy.js\"\n}",
              "code": "RegisterPage.VisitUrl();\nLoginPage.loginWithInvalidemailPassword();",
              "err": {},
              "uuid": "260a24d0-5d42-4c93-ae10-0223c69f4dbc",
              "parentUUID": "c24dc88c-3df7-4be0-aa34-5799ca415e26",
              "isHook": false,
              "skipped": false
            }
          ],
          "suites": [],
          "passes": [
            "7d495bba-0785-4e47-b4e8-58d047b81080",
            "260a24d0-5d42-4c93-ae10-0223c69f4dbc"
          ],
          "failures": [],
          "pending": [],
          "skipped": [],
          "duration": 47576,
          "root": false,
          "rootEmpty": false,
          "_timeout": 2000
        },
        {
          "uuid": "f1ce869b-5551-4e07-b78f-a4332cc46217",
          "title": "Verify the Product Page",
          "fullFile": "",
          "file": "",
          "beforeHooks": [],
          "afterHooks": [],
          "tests": [
            {
              "title": "View All Products ",
              "fullTitle": "Verify the Product Page View All Products ",
              "timedOut": null,
              "duration": 25517,
              "state": "passed",
              "speed": "slow",
              "pass": true,
              "fail": false,
              "pending": false,
              "context": "{\n  \"title\": \"cypress-mochawesome-reporter-videos-passed\",\n  \"value\": \"cypress\\\\e2e\\\\AutomationExer.cy.js\"\n}",
              "code": "RegisterPage.VisitUrl();\nProductPage.goToProductPage();",
              "err": {},
              "uuid": "6a935761-6171-43bb-a92d-5c046ef310c6",
              "parentUUID": "f1ce869b-5551-4e07-b78f-a4332cc46217",
              "isHook": false,
              "skipped": false
            },
            {
              "title": "Search the Products ",
              "fullTitle": "Verify the Product Page Search the Products ",
              "timedOut": null,
              "duration": 24558,
              "state": "passed",
              "speed": "slow",
              "pass": true,
              "fail": false,
              "pending": false,
              "context": "{\n  \"title\": \"cypress-mochawesome-reporter-videos-passed\",\n  \"value\": \"cypress\\\\e2e\\\\AutomationExer.cy.js\"\n}",
              "code": "RegisterPage.VisitUrl();\nProductPage.goToProductPage();\nProductPage.searchProduct();",
              "err": {},
              "uuid": "59c99f7d-757e-471e-8a39-aa818559a192",
              "parentUUID": "f1ce869b-5551-4e07-b78f-a4332cc46217",
              "isHook": false,
              "skipped": false
            },
            {
              "title": "View detail and add  the Products in cart",
              "fullTitle": "Verify the Product Page View detail and add  the Products in cart",
              "timedOut": null,
              "duration": 36832,
              "state": "passed",
              "speed": "slow",
              "pass": true,
              "fail": false,
              "pending": false,
              "context": "{\n  \"title\": \"cypress-mochawesome-reporter-videos-passed\",\n  \"value\": \"cypress\\\\e2e\\\\AutomationExer.cy.js\"\n}",
              "code": "RegisterPage.VisitUrl();\nProductPage.goToProductPage();\nProductPage.viewProductDetailAndAddToCart();",
              "err": {},
              "uuid": "15b0cfdf-d5f6-41ae-b60f-d7ab1abe5c65",
              "parentUUID": "f1ce869b-5551-4e07-b78f-a4332cc46217",
              "isHook": false,
              "skipped": false
            }
          ],
          "suites": [],
          "passes": [
            "6a935761-6171-43bb-a92d-5c046ef310c6",
            "59c99f7d-757e-471e-8a39-aa818559a192",
            "15b0cfdf-d5f6-41ae-b60f-d7ab1abe5c65"
          ],
          "failures": [],
          "pending": [],
          "skipped": [],
          "duration": 86907,
          "root": false,
          "rootEmpty": false,
          "_timeout": 2000
        },
        {
          "uuid": "9a3badc0-c91b-4826-a77c-cce75f8dd3c2",
          "title": "Verify the category Section",
          "fullFile": "",
          "file": "",
          "beforeHooks": [],
          "afterHooks": [],
          "tests": [
            {
              "title": "View  Category Products",
              "fullTitle": "Verify the category Section View  Category Products",
              "timedOut": null,
              "duration": 24419,
              "state": "passed",
              "speed": "slow",
              "pass": true,
              "fail": false,
              "pending": false,
              "context": "{\n  \"title\": \"cypress-mochawesome-reporter-videos-passed\",\n  \"value\": \"cypress\\\\e2e\\\\AutomationExer.cy.js\"\n}",
              "code": "RegisterPage.VisitUrl();\nCategorysection.viewCategoryProducts();",
              "err": {},
              "uuid": "d4f70b91-50fa-4c65-85e5-a383458838f8",
              "parentUUID": "9a3badc0-c91b-4826-a77c-cce75f8dd3c2",
              "isHook": false,
              "skipped": false
            }
          ],
          "suites": [],
          "passes": [
            "d4f70b91-50fa-4c65-85e5-a383458838f8"
          ],
          "failures": [],
          "pending": [],
          "skipped": [],
          "duration": 24419,
          "root": false,
          "rootEmpty": false,
          "_timeout": 2000
        }
      ],
      "passes": [],
      "failures": [],
      "pending": [],
      "skipped": [],
      "duration": 0,
      "root": true,
      "rootEmpty": true,
      "_timeout": 2000
    }
  ],
  "meta": {
    "mocha": {
      "version": "7.0.1"
    },
    "mochawesome": {
      "options": {
        "quiet": false,
        "reportFilename": "mochawesome",
        "saveHtml": false,
        "saveJson": true,
        "consoleReporter": "spec",
        "useInlineDiffs": false,
        "code": true
      },
      "version": "7.1.3"
    },
    "marge": {
      "options": {
        "reportDir": "cypress\\reports\\.jsons",
        "charts": true,
        "reportPageTitle": "Summary Report",
        "embeddedScreenshots": true,
        "inlineAssets": true,
        "html": false,
        "overwrite": false,
        "json": true
      },
      "version": "6.2.0"
    }
  }
}